i:\tankwar\robocat\debug\robocat.pdb
i:\tankwar\robocat\debug\robocat.idb
i:\tankwar\robocat\debug\udpsocket.obj
i:\tankwar\robocat\debug\mouse.obj
i:\tankwar\robocat\debug\gameobject.obj
i:\tankwar\robocat\debug\timing.obj
i:\tankwar\robocat\debug\tcpsocket.obj
i:\tankwar\robocat\debug\stringutils.obj
i:\tankwar\robocat\debug\socketutil.obj
i:\tankwar\robocat\debug\socketaddressfactory.obj
i:\tankwar\robocat\debug\socketaddress.obj
i:\tankwar\robocat\debug\robocat.obj
i:\tankwar\robocat\debug\scoreboardmanager.obj
i:\tankwar\robocat\debug\robomath.obj
i:\tankwar\robocat\debug\networkmanager.obj
i:\tankwar\robocat\debug\movelist.obj
i:\tankwar\robocat\debug\move.obj
i:\tankwar\robocat\debug\memorybitstream.obj
i:\tankwar\robocat\debug\inputstate.obj
i:\tankwar\robocat\debug\gameobjectregistry.obj
i:\tankwar\robocat\debug\engine.obj
i:\tankwar\robocat\debug\yarn.obj
i:\tankwar\robocat\debug\world.obj
i:\tankwar\robocat\debug\robocat.pch
i:\tankwar\robocat\debug\bullet.obj
i:\tankwar\robocat\debug\tank.obj
i:\tankwar\robocat\debug\wall.obj
i:\tankwar\robocat\bin\debug\robocat.lib
i:\tankwar\robocat\debug\robocatpch.obj
i:\tankwar\robocat\debug\robocat.tlog\cl.command.1.tlog
i:\tankwar\robocat\debug\robocat.tlog\cl.read.1.tlog
i:\tankwar\robocat\debug\robocat.tlog\cl.write.1.tlog
i:\tankwar\robocat\debug\robocat.tlog\lib-link.read.1.tlog
i:\tankwar\robocat\debug\robocat.tlog\lib-link.write.1.tlog
i:\tankwar\robocat\debug\robocat.tlog\lib.command.1.tlog
