g:\码云\groupproject\code\不知道起什么名字\tankwar\tankwar\debug\tankwar.pdb
g:\码云\groupproject\code\不知道起什么名字\tankwar\tankwar\debug\tankwar.idb
g:\码云\groupproject\code\不知道起什么名字\tankwar\tankwar\debug\udpsocket.obj
g:\码云\groupproject\code\不知道起什么名字\tankwar\tankwar\debug\timing.obj
g:\码云\groupproject\code\不知道起什么名字\tankwar\tankwar\debug\tankwarpch.obj
g:\码云\groupproject\code\不知道起什么名字\tankwar\tankwar\debug\tankmath.obj
g:\码云\groupproject\code\不知道起什么名字\tankwar\tankwar\debug\tank.obj
g:\码云\groupproject\code\不知道起什么名字\tankwar\tankwar\debug\tcpsocket.obj
g:\码云\groupproject\code\不知道起什么名字\tankwar\tankwar\debug\stringutils.obj
g:\码云\groupproject\code\不知道起什么名字\tankwar\tankwar\debug\socketutil.obj
g:\码云\groupproject\code\不知道起什么名字\tankwar\tankwar\debug\socketaddressfactory.obj
g:\码云\groupproject\code\不知道起什么名字\tankwar\tankwar\debug\socketaddress.obj
g:\码云\groupproject\code\不知道起什么名字\tankwar\tankwar\debug\scoreboardmanager.obj
g:\码云\groupproject\code\不知道起什么名字\tankwar\tankwar\debug\networkmanager.obj
g:\码云\groupproject\code\不知道起什么名字\tankwar\tankwar\debug\movelist.obj
g:\码云\groupproject\code\不知道起什么名字\tankwar\tankwar\debug\move.obj
g:\码云\groupproject\code\不知道起什么名字\tankwar\tankwar\debug\memorybitstream.obj
g:\码云\groupproject\code\不知道起什么名字\tankwar\tankwar\debug\inputstate.obj
g:\码云\groupproject\code\不知道起什么名字\tankwar\tankwar\debug\gameobjectregistry.obj
g:\码云\groupproject\code\不知道起什么名字\tankwar\tankwar\debug\gameobject.obj
g:\码云\groupproject\code\不知道起什么名字\tankwar\tankwar\debug\engine.obj
g:\码云\groupproject\code\不知道起什么名字\tankwar\tankwar\debug\bullet.obj
g:\码云\groupproject\code\不知道起什么名字\tankwar\tankwar\debug\world.obj
g:\码云\groupproject\code\不知道起什么名字\tankwar\tankwar\debug\wall.obj
g:\码云\groupproject\code\不知道起什么名字\tankwar\tankwar\bin\debug\tankwar.lib
g:\码云\groupproject\code\不知道起什么名字\tankwar\tankwar\debug\tankwar.tlog\cl.command.1.tlog
g:\码云\groupproject\code\不知道起什么名字\tankwar\tankwar\debug\tankwar.tlog\cl.read.1.tlog
g:\码云\groupproject\code\不知道起什么名字\tankwar\tankwar\debug\tankwar.tlog\cl.write.1.tlog
g:\码云\groupproject\code\不知道起什么名字\tankwar\tankwar\debug\tankwar.tlog\lib-link.read.1.tlog
g:\码云\groupproject\code\不知道起什么名字\tankwar\tankwar\debug\tankwar.tlog\lib-link.write.1.tlog
g:\码云\groupproject\code\不知道起什么名字\tankwar\tankwar\debug\tankwar.tlog\lib.command.1.tlog
