g:\游戏期末项目\robocataction\robocatserver\debug\robocatserver.pch
g:\游戏期末项目\robocataction\robocatserver\debug\vc141.pdb
g:\游戏期末项目\robocataction\robocatserver\debug\vc141.idb
g:\游戏期末项目\robocataction\robocatserver\debug\robocatserverpch.obj
g:\游戏期末项目\robocataction\robocatserver\debug\yarnserver.obj
g:\游戏期末项目\robocataction\robocatserver\debug\servermain.obj
g:\游戏期末项目\robocataction\robocatserver\debug\server.obj
g:\游戏期末项目\robocataction\robocatserver\debug\robocatserver.obj
g:\游戏期末项目\robocataction\robocatserver\debug\replicationmanagerserver.obj
g:\游戏期末项目\robocataction\robocatserver\debug\networkmanagerserver.obj
g:\游戏期末项目\robocataction\robocatserver\debug\mouseserver.obj
g:\游戏期末项目\robocataction\robocatserver\debug\clientproxy.obj
i:\tankwar\robocatserver\debug\vc141.pdb
i:\tankwar\robocatserver\debug\vc141.idb
i:\tankwar\robocatserver\debug\wallserver.obj
i:\tankwar\robocatserver\debug\robocatserver.obj
i:\tankwar\robocatserver\debug\networkmanagerserver.obj
i:\tankwar\robocatserver\debug\servermain.obj
i:\tankwar\robocatserver\debug\server.obj
i:\tankwar\robocatserver\debug\replicationmanagerserver.obj
i:\tankwar\robocatserver\debug\clientproxy.obj
i:\tankwar\robocatserver\debug\yarnserver.obj
g:\游戏期末项目\robocataction\debug\robocatserver.exe
g:\游戏期末项目\robocataction\debug\robocatserver.ilk
g:\游戏期末项目\robocataction\debug\robocatserver.pdb
i:\tankwar\debug\robocatserver.exe
i:\tankwar\debug\robocatserver.ilk
i:\tankwar\debug\robocatserver.pdb
i:\tankwar\robocatserver\debug\mouseserver.obj
i:\tankwar\robocatserver\debug\robocatserver.tlog\cl.command.1.tlog
i:\tankwar\robocatserver\debug\robocatserver.tlog\cl.read.1.tlog
i:\tankwar\robocatserver\debug\robocatserver.tlog\cl.write.1.tlog
i:\tankwar\robocatserver\debug\robocatserver.tlog\link.command.1.tlog
i:\tankwar\robocatserver\debug\robocatserver.tlog\link.read.1.tlog
i:\tankwar\robocatserver\debug\robocatserver.tlog\link.write.1.tlog
