g:\码云\groupproject\code\不知道起什么名字\tankwar\tankwarserver\debug\tankwarserver.pch
g:\码云\groupproject\code\不知道起什么名字\tankwar\tankwarserver\debug\vc141.pdb
g:\码云\groupproject\code\不知道起什么名字\tankwar\tankwarserver\debug\vc141.idb
g:\码云\groupproject\code\不知道起什么名字\tankwar\tankwarserver\debug\tankwarserverpch.obj
g:\码云\groupproject\code\不知道起什么名字\tankwar\tankwarserver\debug\wallserver.obj
g:\码云\groupproject\code\不知道起什么名字\tankwar\tankwarserver\debug\tankserver.obj
g:\码云\groupproject\code\不知道起什么名字\tankwar\tankwarserver\debug\servermain.obj
g:\码云\groupproject\code\不知道起什么名字\tankwar\tankwarserver\debug\server.obj
g:\码云\groupproject\code\不知道起什么名字\tankwar\tankwarserver\debug\replicationmanagerserver.obj
g:\码云\groupproject\code\不知道起什么名字\tankwar\tankwarserver\debug\networkmanagerserver.obj
g:\码云\groupproject\code\不知道起什么名字\tankwar\tankwarserver\debug\clientproxy.obj
g:\码云\groupproject\code\不知道起什么名字\tankwar\tankwarserver\debug\bulletserver.obj
g:\码云\groupproject\code\不知道起什么名字\tankwar\debug\tankwarserver.exe
g:\码云\groupproject\code\不知道起什么名字\tankwar\debug\tankwarserver.ilk
g:\码云\groupproject\code\不知道起什么名字\tankwar\debug\tankwarserver.pdb
g:\码云\groupproject\code\不知道起什么名字\tankwar\tankwarserver\debug\tankwarserver.tlog\cl.command.1.tlog
g:\码云\groupproject\code\不知道起什么名字\tankwar\tankwarserver\debug\tankwarserver.tlog\cl.read.1.tlog
g:\码云\groupproject\code\不知道起什么名字\tankwar\tankwarserver\debug\tankwarserver.tlog\cl.write.1.tlog
g:\码云\groupproject\code\不知道起什么名字\tankwar\tankwarserver\debug\tankwarserver.tlog\link.command.1.tlog
g:\码云\groupproject\code\不知道起什么名字\tankwar\tankwarserver\debug\tankwarserver.tlog\link.read.1.tlog
g:\码云\groupproject\code\不知道起什么名字\tankwar\tankwarserver\debug\tankwarserver.tlog\link.write.1.tlog
