g:\码云\groupproject\code\不知道起什么名字\tankwar\tankwarclient\debug\vc141.pdb
g:\码云\groupproject\code\不知道起什么名字\tankwar\tankwarclient\debug\vc141.idb
g:\码云\groupproject\code\不知道起什么名字\tankwar\tankwarclient\debug\texturemanager.obj
g:\码云\groupproject\code\不知道起什么名字\tankwar\tankwarclient\debug\tankwarclient.obj
g:\码云\groupproject\code\不知道起什么名字\tankwar\tankwarclient\debug\wallclient.obj
g:\码云\groupproject\code\不知道起什么名字\tankwar\tankwarclient\debug\bulletclient.obj
g:\码云\groupproject\code\不知道起什么名字\tankwar\tankwarclient\debug\tankwarclient.pch
g:\码云\groupproject\code\不知道起什么名字\tankwar\tankwarclient\debug\tankwarclientpch.obj
g:\码云\groupproject\code\不知道起什么名字\tankwar\tankwarclient\debug\windowmanager.obj
g:\码云\groupproject\code\不知道起什么名字\tankwar\tankwarclient\debug\texture.obj
g:\码云\groupproject\code\不知道起什么名字\tankwar\tankwarclient\debug\spritecomponent.obj
g:\码云\groupproject\code\不知道起什么名字\tankwar\tankwarclient\debug\replicationmanagerclient.obj
g:\码云\groupproject\code\不知道起什么名字\tankwar\tankwarclient\debug\rendermanager.obj
g:\码云\groupproject\code\不知道起什么名字\tankwar\tankwarclient\debug\networkmanagerclient.obj
g:\码云\groupproject\code\不知道起什么名字\tankwar\tankwarclient\debug\inputmanager.obj
g:\码云\groupproject\code\不知道起什么名字\tankwar\tankwarclient\debug\hud.obj
g:\码云\groupproject\code\不知道起什么名字\tankwar\tankwarclient\debug\graphicsdriver.obj
g:\码云\groupproject\code\不知道起什么名字\tankwar\tankwarclient\debug\clientmain.obj
g:\码云\groupproject\code\不知道起什么名字\tankwar\tankwarclient\debug\client.obj
g:\码云\groupproject\code\不知道起什么名字\tankwar\debug\tankwarclient.exe
g:\码云\groupproject\code\不知道起什么名字\tankwar\debug\tankwarclient.ilk
g:\码云\groupproject\code\不知道起什么名字\tankwar\debug\tankwarclient.pdb
g:\码云\groupproject\code\不知道起什么名字\tankwar\tankwarclient\debug\tankwarclient.tlog\cl.command.1.tlog
g:\码云\groupproject\code\不知道起什么名字\tankwar\tankwarclient\debug\tankwarclient.tlog\cl.read.1.tlog
g:\码云\groupproject\code\不知道起什么名字\tankwar\tankwarclient\debug\tankwarclient.tlog\cl.write.1.tlog
g:\码云\groupproject\code\不知道起什么名字\tankwar\tankwarclient\debug\tankwarclient.tlog\link.command.1.tlog
g:\码云\groupproject\code\不知道起什么名字\tankwar\tankwarclient\debug\tankwarclient.tlog\link.read.1.tlog
g:\码云\groupproject\code\不知道起什么名字\tankwar\tankwarclient\debug\tankwarclient.tlog\link.write.1.tlog
